#separator \x09
#set_separator	,
#empty_field	(empty)
#unset_field	-
#path	./output/url_with_cookie/output
#open	2021-10-31-20-28-45
#fields	ts	cookie	url	is_orig
#types	string	string	string	string
1635682629.122258	jwt=eyJhbGciOiJIUzI1NiIsInR5cCI6IkpXVCJ9.eyJleHAiOjE2MzU3Njg5MTMsImtleSI6InVzb3BwX2p3dC1hdXRoX2tleSJ9.FbhWF2xvBd5uDXxEmcQzqoBranGzDhpziawxUc6S91A; PHPSESSID=660419b542006dffe2a4e9c9729bcdb9; showhints=1	/images/link-icon-16-16.png	F
1635682629.301908	jwt=eyJhbGciOiJIUzI1NiIsInR5cCI6IkpXVCJ9.eyJleHAiOjE2MzU3Njg5MTMsImtleSI6InVzb3BwX2p3dC1hdXRoX2tleSJ9.FbhWF2xvBd5uDXxEmcQzqoBranGzDhpziawxUc6S91A; PHPSESSID=660419b542006dffe2a4e9c9729bcdb9; showhints=1	/images/right.gif	F
1635682629.156156	jwt=eyJhbGciOiJIUzI1NiIsInR5cCI6IkpXVCJ9.eyJleHAiOjE2MzU3Njg5MTMsImtleSI6InVzb3BwX2p3dC1hdXRoX2tleSJ9.FbhWF2xvBd5uDXxEmcQzqoBranGzDhpziawxUc6S91A; PHPSESSID=660419b542006dffe2a4e9c9729bcdb9; showhints=1	/images/ldap-server-48-59.png	T
1635682629.121581	jwt=eyJhbGciOiJIUzI1NiIsInR5cCI6IkpXVCJ9.eyJleHAiOjE2MzU3Njg5MTMsImtleSI6InVzb3BwX2p3dC1hdXRoX2tleSJ9.FbhWF2xvBd5uDXxEmcQzqoBranGzDhpziawxUc6S91A; PHPSESSID=660419b542006dffe2a4e9c9729bcdb9; showhints=1	/images/down_arrow_16_16.png	T
1635682629.065972	jwt=eyJhbGciOiJIUzI1NiIsInR5cCI6IkpXVCJ9.eyJleHAiOjE2MzU3Njg5MTMsImtleSI6InVzb3BwX2p3dC1hdXRoX2tleSJ9.FbhWF2xvBd5uDXxEmcQzqoBranGzDhpziawxUc6S91A; PHPSESSID=660419b542006dffe2a4e9c9729bcdb9; showhints=1	/images/coykillericon-50-38.png	T
1635682629.156156	jwt=eyJhbGciOiJIUzI1NiIsInR5cCI6IkpXVCJ9.eyJleHAiOjE2MzU3Njg5MTMsImtleSI6InVzb3BwX2p3dC1hdXRoX2tleSJ9.FbhWF2xvBd5uDXxEmcQzqoBranGzDhpziawxUc6S91A; PHPSESSID=660419b542006dffe2a4e9c9729bcdb9; showhints=1	/images/ldap-server-48-59.png	F
1635682629.105511	jwt=eyJhbGciOiJIUzI1NiIsInR5cCI6IkpXVCJ9.eyJleHAiOjE2MzU3Njg5MTMsImtleSI6InVzb3BwX2p3dC1hdXRoX2tleSJ9.FbhWF2xvBd5uDXxEmcQzqoBranGzDhpziawxUc6S91A; PHPSESSID=660419b542006dffe2a4e9c9729bcdb9; showhints=1	/images/youtube-play-icon-40-40.png	F
1635682629.122258	jwt=eyJhbGciOiJIUzI1NiIsInR5cCI6IkpXVCJ9.eyJleHAiOjE2MzU3Njg5MTMsImtleSI6InVzb3BwX2p3dC1hdXRoX2tleSJ9.FbhWF2xvBd5uDXxEmcQzqoBranGzDhpziawxUc6S91A; PHPSESSID=660419b542006dffe2a4e9c9729bcdb9; showhints=1	/images/link-icon-16-16.png	T
1635682629.137996	jwt=eyJhbGciOiJIUzI1NiIsInR5cCI6IkpXVCJ9.eyJleHAiOjE2MzU3Njg5MTMsImtleSI6InVzb3BwX2p3dC1hdXRoX2tleSJ9.FbhWF2xvBd5uDXxEmcQzqoBranGzDhpziawxUc6S91A; PHPSESSID=660419b542006dffe2a4e9c9729bcdb9; showhints=1	/images/help-easy-button-48-48.png	T
1635682628.987484	jwt=eyJhbGciOiJIUzI1NiIsInR5cCI6IkpXVCJ9.eyJleHAiOjE2MzU3Njg5MTMsImtleSI6InVzb3BwX2p3dC1hdXRoX2tleSJ9.FbhWF2xvBd5uDXxEmcQzqoBranGzDhpziawxUc6S91A; PHPSESSID=660419b542006dffe2a4e9c9729bcdb9; showhints=1	/javascript/ddsmoothmenu/ddsmoothmenu.js	F
1635682629.012547	jwt=eyJhbGciOiJIUzI1NiIsInR5cCI6IkpXVCJ9.eyJleHAiOjE2MzU3Njg5MTMsImtleSI6InVzb3BwX2p3dC1hdXRoX2tleSJ9.FbhWF2xvBd5uDXxEmcQzqoBranGzDhpziawxUc6S91A; PHPSESSID=660419b542006dffe2a4e9c9729bcdb9; showhints=1	/javascript/inline-initializers/populate-web-storage.js	F
1635682628.978311	jwt=eyJhbGciOiJIUzI1NiIsInR5cCI6IkpXVCJ9.eyJleHAiOjE2MzU3Njg5MTMsImtleSI6InVzb3BwX2p3dC1hdXRoX2tleSJ9.FbhWF2xvBd5uDXxEmcQzqoBranGzDhpziawxUc6S91A; PHPSESSID=660419b542006dffe2a4e9c9729bcdb9; showhints=1	/javascript/inline-initializers/jquery-init.js	F
1635682628.978311	jwt=eyJhbGciOiJIUzI1NiIsInR5cCI6IkpXVCJ9.eyJleHAiOjE2MzU3Njg5MTMsImtleSI6InVzb3BwX2p3dC1hdXRoX2tleSJ9.FbhWF2xvBd5uDXxEmcQzqoBranGzDhpziawxUc6S91A; PHPSESSID=660419b542006dffe2a4e9c9729bcdb9; showhints=1	/javascript/inline-initializers/jquery-init.js	T
1635682630.529218	jwt=eyJhbGciOiJIUzI1NiIsInR5cCI6IkpXVCJ9.eyJleHAiOjE2MzU3Njg5MTMsImtleSI6InVzb3BwX2p3dC1hdXRoX2tleSJ9.FbhWF2xvBd5uDXxEmcQzqoBranGzDhpziawxUc6S91A; PHPSESSID=660419b542006dffe2a4e9c9729bcdb9; showhints=1	/images/favicon.ico	T
1635682629.012547	jwt=eyJhbGciOiJIUzI1NiIsInR5cCI6IkpXVCJ9.eyJleHAiOjE2MzU3Njg5MTMsImtleSI6InVzb3BwX2p3dC1hdXRoX2tleSJ9.FbhWF2xvBd5uDXxEmcQzqoBranGzDhpziawxUc6S91A; PHPSESSID=660419b542006dffe2a4e9c9729bcdb9; showhints=1	/javascript/inline-initializers/populate-web-storage.js	T
1635682629.065972	jwt=eyJhbGciOiJIUzI1NiIsInR5cCI6IkpXVCJ9.eyJleHAiOjE2MzU3Njg5MTMsImtleSI6InVzb3BwX2p3dC1hdXRoX2tleSJ9.FbhWF2xvBd5uDXxEmcQzqoBranGzDhpziawxUc6S91A; PHPSESSID=660419b542006dffe2a4e9c9729bcdb9; showhints=1	/images/coykillericon-50-38.png	F
1635682628.994718	jwt=eyJhbGciOiJIUzI1NiIsInR5cCI6IkpXVCJ9.eyJleHAiOjE2MzU3Njg5MTMsImtleSI6InVzb3BwX2p3dC1hdXRoX2tleSJ9.FbhWF2xvBd5uDXxEmcQzqoBranGzDhpziawxUc6S91A; PHPSESSID=660419b542006dffe2a4e9c9729bcdb9; showhints=1	/javascript/inline-initializers/ddsmoothmenu-init.js	T
1635682628.884592	jwt=eyJhbGciOiJIUzI1NiIsInR5cCI6IkpXVCJ9.eyJleHAiOjE2MzU3Njg5MTMsImtleSI6InVzb3BwX2p3dC1hdXRoX2tleSJ9.FbhWF2xvBd5uDXxEmcQzqoBranGzDhpziawxUc6S91A; PHPSESSID=660419b542006dffe2a4e9c9729bcdb9; showhints=1	/styles/ddsmoothmenu/ddsmoothmenu.css	T
1635682628.977495	jwt=eyJhbGciOiJIUzI1NiIsInR5cCI6IkpXVCJ9.eyJleHAiOjE2MzU3Njg5MTMsImtleSI6InVzb3BwX2p3dC1hdXRoX2tleSJ9.FbhWF2xvBd5uDXxEmcQzqoBranGzDhpziawxUc6S91A; PHPSESSID=660419b542006dffe2a4e9c9729bcdb9; showhints=1	/javascript/hints/hints-menu.js	F
1635682629.039507	jwt=eyJhbGciOiJIUzI1NiIsInR5cCI6IkpXVCJ9.eyJleHAiOjE2MzU3Njg5MTMsImtleSI6InVzb3BwX2p3dC1hdXRoX2tleSJ9.FbhWF2xvBd5uDXxEmcQzqoBranGzDhpziawxUc6S91A; PHPSESSID=660419b542006dffe2a4e9c9729bcdb9; showhints=1	/javascript/inline-initializers/hints-menu-init.js	T
1635682629.140542	jwt=eyJhbGciOiJIUzI1NiIsInR5cCI6IkpXVCJ9.eyJleHAiOjE2MzU3Njg5MTMsImtleSI6InVzb3BwX2p3dC1hdXRoX2tleSJ9.FbhWF2xvBd5uDXxEmcQzqoBranGzDhpziawxUc6S91A; PHPSESSID=660419b542006dffe2a4e9c9729bcdb9; showhints=1	/images/siren-48-48.png	T
1635682629.141745	jwt=eyJhbGciOiJIUzI1NiIsInR5cCI6IkpXVCJ9.eyJleHAiOjE2MzU3Njg5MTMsImtleSI6InVzb3BwX2p3dC1hdXRoX2tleSJ9.FbhWF2xvBd5uDXxEmcQzqoBranGzDhpziawxUc6S91A; PHPSESSID=660419b542006dffe2a4e9c9729bcdb9; showhints=1	/images/installation-icon-48-48.png	F
1635682628.975486	jwt=eyJhbGciOiJIUzI1NiIsInR5cCI6IkpXVCJ9.eyJleHAiOjE2MzU3Njg5MTMsImtleSI6InVzb3BwX2p3dC1hdXRoX2tleSJ9.FbhWF2xvBd5uDXxEmcQzqoBranGzDhpziawxUc6S91A; PHPSESSID=660419b542006dffe2a4e9c9729bcdb9; showhints=1	/javascript/jQuery/jquery.js	T
1635682628.706291	jwt=eyJhbGciOiJIUzI1NiIsInR5cCI6IkpXVCJ9.eyJleHAiOjE2MzU3Njg5MTMsImtleSI6InVzb3BwX2p3dC1hdXRoX2tleSJ9.FbhWF2xvBd5uDXxEmcQzqoBranGzDhpziawxUc6S91A; PHPSESSID=660419b542006dffe2a4e9c9729bcdb9; showhints=1	/	F
1635682628.878199	jwt=eyJhbGciOiJIUzI1NiIsInR5cCI6IkpXVCJ9.eyJleHAiOjE2MzU3Njg5MTMsImtleSI6InVzb3BwX2p3dC1hdXRoX2tleSJ9.FbhWF2xvBd5uDXxEmcQzqoBranGzDhpziawxUc6S91A; PHPSESSID=660419b542006dffe2a4e9c9729bcdb9; showhints=1	/styles/global-styles.css	T
1635682629.012547	jwt=eyJhbGciOiJIUzI1NiIsInR5cCI6IkpXVCJ9.eyJleHAiOjE2MzU3Njg5MTMsImtleSI6InVzb3BwX2p3dC1hdXRoX2tleSJ9.FbhWF2xvBd5uDXxEmcQzqoBranGzDhpziawxUc6S91A; PHPSESSID=660419b542006dffe2a4e9c9729bcdb9; showhints=1	/javascript/inline-initializers/gritter-init.js	T
1635682628.994718	jwt=eyJhbGciOiJIUzI1NiIsInR5cCI6IkpXVCJ9.eyJleHAiOjE2MzU3Njg5MTMsImtleSI6InVzb3BwX2p3dC1hdXRoX2tleSJ9.FbhWF2xvBd5uDXxEmcQzqoBranGzDhpziawxUc6S91A; PHPSESSID=660419b542006dffe2a4e9c9729bcdb9; showhints=1	/javascript/inline-initializers/ddsmoothmenu-init.js	F
1635682629.012547	jwt=eyJhbGciOiJIUzI1NiIsInR5cCI6IkpXVCJ9.eyJleHAiOjE2MzU3Njg5MTMsImtleSI6InVzb3BwX2p3dC1hdXRoX2tleSJ9.FbhWF2xvBd5uDXxEmcQzqoBranGzDhpziawxUc6S91A; PHPSESSID=660419b542006dffe2a4e9c9729bcdb9; showhints=1	/javascript/inline-initializers/gritter-init.js	F
1635682628.893445	jwt=eyJhbGciOiJIUzI1NiIsInR5cCI6IkpXVCJ9.eyJleHAiOjE2MzU3Njg5MTMsImtleSI6InVzb3BwX2p3dC1hdXRoX2tleSJ9.FbhWF2xvBd5uDXxEmcQzqoBranGzDhpziawxUc6S91A; PHPSESSID=660419b542006dffe2a4e9c9729bcdb9; showhints=1	/styles/gritter/jquery.gritter.css	F
1635682628.972345	jwt=eyJhbGciOiJIUzI1NiIsInR5cCI6IkpXVCJ9.eyJleHAiOjE2MzU3Njg5MTMsImtleSI6InVzb3BwX2p3dC1hdXRoX2tleSJ9.FbhWF2xvBd5uDXxEmcQzqoBranGzDhpziawxUc6S91A; PHPSESSID=660419b542006dffe2a4e9c9729bcdb9; showhints=1	/javascript/gritter/jquery.gritter.min.js	F
1635682629.125971	jwt=eyJhbGciOiJIUzI1NiIsInR5cCI6IkpXVCJ9.eyJleHAiOjE2MzU3Njg5MTMsImtleSI6InVzb3BwX2p3dC1hdXRoX2tleSJ9.FbhWF2xvBd5uDXxEmcQzqoBranGzDhpziawxUc6S91A; PHPSESSID=660419b542006dffe2a4e9c9729bcdb9; showhints=1	/images/arrow-45-degree-left-up.png	T
1635682629.301908	jwt=eyJhbGciOiJIUzI1NiIsInR5cCI6IkpXVCJ9.eyJleHAiOjE2MzU3Njg5MTMsImtleSI6InVzb3BwX2p3dC1hdXRoX2tleSJ9.FbhWF2xvBd5uDXxEmcQzqoBranGzDhpziawxUc6S91A; PHPSESSID=660419b542006dffe2a4e9c9729bcdb9; showhints=1	/images/right.gif	T
1635682629.137996	jwt=eyJhbGciOiJIUzI1NiIsInR5cCI6IkpXVCJ9.eyJleHAiOjE2MzU3Njg5MTMsImtleSI6InVzb3BwX2p3dC1hdXRoX2tleSJ9.FbhWF2xvBd5uDXxEmcQzqoBranGzDhpziawxUc6S91A; PHPSESSID=660419b542006dffe2a4e9c9729bcdb9; showhints=1	/images/help-easy-button-48-48.png	F
1635682628.987484	jwt=eyJhbGciOiJIUzI1NiIsInR5cCI6IkpXVCJ9.eyJleHAiOjE2MzU3Njg5MTMsImtleSI6InVzb3BwX2p3dC1hdXRoX2tleSJ9.FbhWF2xvBd5uDXxEmcQzqoBranGzDhpziawxUc6S91A; PHPSESSID=660419b542006dffe2a4e9c9729bcdb9; showhints=1	/javascript/ddsmoothmenu/ddsmoothmenu.js	T
1635682628.978311	jwt=eyJhbGciOiJIUzI1NiIsInR5cCI6IkpXVCJ9.eyJleHAiOjE2MzU3Njg5MTMsImtleSI6InVzb3BwX2p3dC1hdXRoX2tleSJ9.FbhWF2xvBd5uDXxEmcQzqoBranGzDhpziawxUc6S91A; PHPSESSID=660419b542006dffe2a4e9c9729bcdb9; showhints=1	/javascript/jQuery/colorbox/jquery.colorbox-min.js	F
1635682629.141745	jwt=eyJhbGciOiJIUzI1NiIsInR5cCI6IkpXVCJ9.eyJleHAiOjE2MzU3Njg5MTMsImtleSI6InVzb3BwX2p3dC1hdXRoX2tleSJ9.FbhWF2xvBd5uDXxEmcQzqoBranGzDhpziawxUc6S91A; PHPSESSID=660419b542006dffe2a4e9c9729bcdb9; showhints=1	/images/installation-icon-48-48.png	T
1635682629.039507	jwt=eyJhbGciOiJIUzI1NiIsInR5cCI6IkpXVCJ9.eyJleHAiOjE2MzU3Njg5MTMsImtleSI6InVzb3BwX2p3dC1hdXRoX2tleSJ9.FbhWF2xvBd5uDXxEmcQzqoBranGzDhpziawxUc6S91A; PHPSESSID=660419b542006dffe2a4e9c9729bcdb9; showhints=1	/javascript/inline-initializers/hints-menu-init.js	F
1635682628.889607	jwt=eyJhbGciOiJIUzI1NiIsInR5cCI6IkpXVCJ9.eyJleHAiOjE2MzU3Njg5MTMsImtleSI6InVzb3BwX2p3dC1hdXRoX2tleSJ9.FbhWF2xvBd5uDXxEmcQzqoBranGzDhpziawxUc6S91A; PHPSESSID=660419b542006dffe2a4e9c9729bcdb9; showhints=1	/javascript/jQuery/colorbox/colorbox.css	F
1635682628.884592	jwt=eyJhbGciOiJIUzI1NiIsInR5cCI6IkpXVCJ9.eyJleHAiOjE2MzU3Njg5MTMsImtleSI6InVzb3BwX2p3dC1hdXRoX2tleSJ9.FbhWF2xvBd5uDXxEmcQzqoBranGzDhpziawxUc6S91A; PHPSESSID=660419b542006dffe2a4e9c9729bcdb9; showhints=1	/styles/ddsmoothmenu/ddsmoothmenu.css	F
1635682629.152547	jwt=eyJhbGciOiJIUzI1NiIsInR5cCI6IkpXVCJ9.eyJleHAiOjE2MzU3Njg5MTMsImtleSI6InVzb3BwX2p3dC1hdXRoX2tleSJ9.FbhWF2xvBd5uDXxEmcQzqoBranGzDhpziawxUc6S91A; PHPSESSID=660419b542006dffe2a4e9c9729bcdb9; showhints=1	/images/help-icon-48-48.png	T
1635682628.977495	jwt=eyJhbGciOiJIUzI1NiIsInR5cCI6IkpXVCJ9.eyJleHAiOjE2MzU3Njg5MTMsImtleSI6InVzb3BwX2p3dC1hdXRoX2tleSJ9.FbhWF2xvBd5uDXxEmcQzqoBranGzDhpziawxUc6S91A; PHPSESSID=660419b542006dffe2a4e9c9729bcdb9; showhints=1	/javascript/hints/hints-menu.js	T
1635682629.152547	jwt=eyJhbGciOiJIUzI1NiIsInR5cCI6IkpXVCJ9.eyJleHAiOjE2MzU3Njg5MTMsImtleSI6InVzb3BwX2p3dC1hdXRoX2tleSJ9.FbhWF2xvBd5uDXxEmcQzqoBranGzDhpziawxUc6S91A; PHPSESSID=660419b542006dffe2a4e9c9729bcdb9; showhints=1	/images/help-icon-48-48.png	F
1635682630.529218	jwt=eyJhbGciOiJIUzI1NiIsInR5cCI6IkpXVCJ9.eyJleHAiOjE2MzU3Njg5MTMsImtleSI6InVzb3BwX2p3dC1hdXRoX2tleSJ9.FbhWF2xvBd5uDXxEmcQzqoBranGzDhpziawxUc6S91A; PHPSESSID=660419b542006dffe2a4e9c9729bcdb9; showhints=1	/images/favicon.ico	F
1635682628.972345	jwt=eyJhbGciOiJIUzI1NiIsInR5cCI6IkpXVCJ9.eyJleHAiOjE2MzU3Njg5MTMsImtleSI6InVzb3BwX2p3dC1hdXRoX2tleSJ9.FbhWF2xvBd5uDXxEmcQzqoBranGzDhpziawxUc6S91A; PHPSESSID=660419b542006dffe2a4e9c9729bcdb9; showhints=1	/javascript/gritter/jquery.gritter.min.js	T
1635682629.127542	jwt=eyJhbGciOiJIUzI1NiIsInR5cCI6IkpXVCJ9.eyJleHAiOjE2MzU3Njg5MTMsImtleSI6InVzb3BwX2p3dC1hdXRoX2tleSJ9.FbhWF2xvBd5uDXxEmcQzqoBranGzDhpziawxUc6S91A; PHPSESSID=660419b542006dffe2a4e9c9729bcdb9; showhints=1	/images/question-mark-40-61.png	F
1635682629.116719	jwt=eyJhbGciOiJIUzI1NiIsInR5cCI6IkpXVCJ9.eyJleHAiOjE2MzU3Njg5MTMsImtleSI6InVzb3BwX2p3dC1hdXRoX2tleSJ9.FbhWF2xvBd5uDXxEmcQzqoBranGzDhpziawxUc6S91A; PHPSESSID=660419b542006dffe2a4e9c9729bcdb9; showhints=1	/images/pdf-icon-48-48.png	F
1635682629.105511	jwt=eyJhbGciOiJIUzI1NiIsInR5cCI6IkpXVCJ9.eyJleHAiOjE2MzU3Njg5MTMsImtleSI6InVzb3BwX2p3dC1hdXRoX2tleSJ9.FbhWF2xvBd5uDXxEmcQzqoBranGzDhpziawxUc6S91A; PHPSESSID=660419b542006dffe2a4e9c9729bcdb9; showhints=1	/images/youtube-play-icon-40-40.png	T
1635682628.889607	jwt=eyJhbGciOiJIUzI1NiIsInR5cCI6IkpXVCJ9.eyJleHAiOjE2MzU3Njg5MTMsImtleSI6InVzb3BwX2p3dC1hdXRoX2tleSJ9.FbhWF2xvBd5uDXxEmcQzqoBranGzDhpziawxUc6S91A; PHPSESSID=660419b542006dffe2a4e9c9729bcdb9; showhints=1	/javascript/jQuery/colorbox/colorbox.css	T
1635682628.978311	jwt=eyJhbGciOiJIUzI1NiIsInR5cCI6IkpXVCJ9.eyJleHAiOjE2MzU3Njg5MTMsImtleSI6InVzb3BwX2p3dC1hdXRoX2tleSJ9.FbhWF2xvBd5uDXxEmcQzqoBranGzDhpziawxUc6S91A; PHPSESSID=660419b542006dffe2a4e9c9729bcdb9; showhints=1	/javascript/jQuery/colorbox/jquery.colorbox-min.js	T
1635682629.121581	jwt=eyJhbGciOiJIUzI1NiIsInR5cCI6IkpXVCJ9.eyJleHAiOjE2MzU3Njg5MTMsImtleSI6InVzb3BwX2p3dC1hdXRoX2tleSJ9.FbhWF2xvBd5uDXxEmcQzqoBranGzDhpziawxUc6S91A; PHPSESSID=660419b542006dffe2a4e9c9729bcdb9; showhints=1	/images/down_arrow_16_16.png	F
1635682629.125971	jwt=eyJhbGciOiJIUzI1NiIsInR5cCI6IkpXVCJ9.eyJleHAiOjE2MzU3Njg5MTMsImtleSI6InVzb3BwX2p3dC1hdXRoX2tleSJ9.FbhWF2xvBd5uDXxEmcQzqoBranGzDhpziawxUc6S91A; PHPSESSID=660419b542006dffe2a4e9c9729bcdb9; showhints=1	/images/arrow-45-degree-left-up.png	F
1635682629.116719	jwt=eyJhbGciOiJIUzI1NiIsInR5cCI6IkpXVCJ9.eyJleHAiOjE2MzU3Njg5MTMsImtleSI6InVzb3BwX2p3dC1hdXRoX2tleSJ9.FbhWF2xvBd5uDXxEmcQzqoBranGzDhpziawxUc6S91A; PHPSESSID=660419b542006dffe2a4e9c9729bcdb9; showhints=1	/images/pdf-icon-48-48.png	T
1635682628.706291	jwt=eyJhbGciOiJIUzI1NiIsInR5cCI6IkpXVCJ9.eyJleHAiOjE2MzU3Njg5MTMsImtleSI6InVzb3BwX2p3dC1hdXRoX2tleSJ9.FbhWF2xvBd5uDXxEmcQzqoBranGzDhpziawxUc6S91A; PHPSESSID=660419b542006dffe2a4e9c9729bcdb9; showhints=1	/	T
1635682629.108403	jwt=eyJhbGciOiJIUzI1NiIsInR5cCI6IkpXVCJ9.eyJleHAiOjE2MzU3Njg5MTMsImtleSI6InVzb3BwX2p3dC1hdXRoX2tleSJ9.FbhWF2xvBd5uDXxEmcQzqoBranGzDhpziawxUc6S91A; PHPSESSID=660419b542006dffe2a4e9c9729bcdb9; showhints=1	/images/twitter-bird-48-48.png	T
1635682629.140542	jwt=eyJhbGciOiJIUzI1NiIsInR5cCI6IkpXVCJ9.eyJleHAiOjE2MzU3Njg5MTMsImtleSI6InVzb3BwX2p3dC1hdXRoX2tleSJ9.FbhWF2xvBd5uDXxEmcQzqoBranGzDhpziawxUc6S91A; PHPSESSID=660419b542006dffe2a4e9c9729bcdb9; showhints=1	/images/siren-48-48.png	F
1635682628.975486	jwt=eyJhbGciOiJIUzI1NiIsInR5cCI6IkpXVCJ9.eyJleHAiOjE2MzU3Njg5MTMsImtleSI6InVzb3BwX2p3dC1hdXRoX2tleSJ9.FbhWF2xvBd5uDXxEmcQzqoBranGzDhpziawxUc6S91A; PHPSESSID=660419b542006dffe2a4e9c9729bcdb9; showhints=1	/javascript/jQuery/jquery.js	F
1635682628.878199	jwt=eyJhbGciOiJIUzI1NiIsInR5cCI6IkpXVCJ9.eyJleHAiOjE2MzU3Njg5MTMsImtleSI6InVzb3BwX2p3dC1hdXRoX2tleSJ9.FbhWF2xvBd5uDXxEmcQzqoBranGzDhpziawxUc6S91A; PHPSESSID=660419b542006dffe2a4e9c9729bcdb9; showhints=1	/styles/global-styles.css	F
1635682629.127542	jwt=eyJhbGciOiJIUzI1NiIsInR5cCI6IkpXVCJ9.eyJleHAiOjE2MzU3Njg5MTMsImtleSI6InVzb3BwX2p3dC1hdXRoX2tleSJ9.FbhWF2xvBd5uDXxEmcQzqoBranGzDhpziawxUc6S91A; PHPSESSID=660419b542006dffe2a4e9c9729bcdb9; showhints=1	/images/question-mark-40-61.png	T
1635682629.108403	jwt=eyJhbGciOiJIUzI1NiIsInR5cCI6IkpXVCJ9.eyJleHAiOjE2MzU3Njg5MTMsImtleSI6InVzb3BwX2p3dC1hdXRoX2tleSJ9.FbhWF2xvBd5uDXxEmcQzqoBranGzDhpziawxUc6S91A; PHPSESSID=660419b542006dffe2a4e9c9729bcdb9; showhints=1	/images/twitter-bird-48-48.png	F
1635682628.893445	jwt=eyJhbGciOiJIUzI1NiIsInR5cCI6IkpXVCJ9.eyJleHAiOjE2MzU3Njg5MTMsImtleSI6InVzb3BwX2p3dC1hdXRoX2tleSJ9.FbhWF2xvBd5uDXxEmcQzqoBranGzDhpziawxUc6S91A; PHPSESSID=660419b542006dffe2a4e9c9729bcdb9; showhints=1	/styles/gritter/jquery.gritter.css	T
#close	2021-10-31-20-28-45
